26-Oct-2024 16:19:01.433 INFO [main] org.apache.catalina.startup.VersionLoggerListener.log 서버 버전 이름:    Apache Tomcat/10.1.31
26-Oct-2024 16:19:01.435 INFO [main] org.apache.catalina.startup.VersionLoggerListener.log Server 빌드 시각:  Oct 3 2024 19:02:38 UTC
26-Oct-2024 16:19:01.435 INFO [main] org.apache.catalina.startup.VersionLoggerListener.log Server 버전 번호:  10.1.31.0
26-Oct-2024 16:19:01.435 INFO [main] org.apache.catalina.startup.VersionLoggerListener.log 운영체제 이름:     Windows 10
26-Oct-2024 16:19:01.435 INFO [main] org.apache.catalina.startup.VersionLoggerListener.log 운영체제 버전:     10.0
26-Oct-2024 16:19:01.435 INFO [main] org.apache.catalina.startup.VersionLoggerListener.log 아키텍처:          amd64
26-Oct-2024 16:19:01.435 INFO [main] org.apache.catalina.startup.VersionLoggerListener.log 자바 홈:           C:\Program Files\Java\jdk-17
26-Oct-2024 16:19:01.436 INFO [main] org.apache.catalina.startup.VersionLoggerListener.log JVM 버전:          17.0.12+8-LTS-286
26-Oct-2024 16:19:01.436 INFO [main] org.apache.catalina.startup.VersionLoggerListener.log JVM 벤더:          Oracle Corporation
26-Oct-2024 16:19:01.436 INFO [main] org.apache.catalina.startup.VersionLoggerListener.log CATALINA_BASE:     C:\Users\kimje\Desktop\Work\workspace_intelij\jsp_projects\JSP_board
26-Oct-2024 16:19:01.436 INFO [main] org.apache.catalina.startup.VersionLoggerListener.log CATALINA_HOME:     C:\Users\kimje\Desktop\Work\tools\apache-tomcat-10.1.31-windows-x64\apache-tomcat-10.1.31
26-Oct-2024 16:19:01.440 INFO [main] org.apache.catalina.startup.VersionLoggerListener.log 명령 행 아규먼트:  --add-opens=java.base/java.lang=ALL-UNNAMED
26-Oct-2024 16:19:01.440 INFO [main] org.apache.catalina.startup.VersionLoggerListener.log 명령 행 아규먼트:  --add-opens=java.base/java.io=ALL-UNNAMED
26-Oct-2024 16:19:01.440 INFO [main] org.apache.catalina.startup.VersionLoggerListener.log 명령 행 아규먼트:  --add-opens=java.base/java.util=ALL-UNNAMED
26-Oct-2024 16:19:01.440 INFO [main] org.apache.catalina.startup.VersionLoggerListener.log 명령 행 아규먼트:  --add-opens=java.base/java.util.concurrent=ALL-UNNAMED
26-Oct-2024 16:19:01.440 INFO [main] org.apache.catalina.startup.VersionLoggerListener.log 명령 행 아규먼트:  --add-opens=java.rmi/sun.rmi.transport=ALL-UNNAMED
26-Oct-2024 16:19:01.440 INFO [main] org.apache.catalina.startup.VersionLoggerListener.log 명령 행 아규먼트:  -Dcatalina.home=C:\Users\kimje\Desktop\Work\tools\apache-tomcat-10.1.31-windows-x64\apache-tomcat-10.1.31
26-Oct-2024 16:19:01.440 INFO [main] org.apache.catalina.startup.VersionLoggerListener.log 명령 행 아규먼트:  -Dcatalina.base=C:\Users\kimje\Desktop\Work\workspace_intelij\jsp_projects\JSP_board
26-Oct-2024 16:19:01.440 INFO [main] org.apache.catalina.startup.VersionLoggerListener.log 명령 행 아규먼트:  -Djava.io.tmpdir=C:\Users\kimje\Desktop\Work\workspace_intelij\jsp_projects\JSP_board\temp
26-Oct-2024 16:19:01.440 INFO [main] org.apache.catalina.startup.VersionLoggerListener.log 명령 행 아규먼트:  -Djava.util.logging.config.file=C:\Users\kimje\Desktop\Work\workspace_intelij\jsp_projects\JSP_board\conf\logging.properties
26-Oct-2024 16:19:01.441 INFO [main] org.apache.catalina.startup.VersionLoggerListener.log 명령 행 아규먼트:  -Djava.util.logging.manager=org.apache.juli.ClassLoaderLogManager
26-Oct-2024 16:19:01.441 INFO [main] org.apache.catalina.startup.VersionLoggerListener.log 명령 행 아규먼트:  -javaagent:C:\Program Files\JetBrains\IntelliJ IDEA 2024.2.3\lib\idea_rt.jar=63174:C:\Program Files\JetBrains\IntelliJ IDEA 2024.2.3\bin
26-Oct-2024 16:19:01.441 INFO [main] org.apache.catalina.startup.VersionLoggerListener.log 명령 행 아규먼트:  -Dfile.encoding=UTF-8
26-Oct-2024 16:19:01.442 INFO [main] org.apache.catalina.core.AprLifecycleListener.lifecycleEvent APR 버전 [1.7.4]을(를) 사용한, APR 기반 Apache Tomcat Native 라이브러리 [2.0.8]을(를) 로드했습니다.
26-Oct-2024 16:19:01.445 INFO [main] org.apache.catalina.core.AprLifecycleListener.initializeSSL OpenSSL이 성공적으로 초기화되었습니다: [OpenSSL 3.0.14 4 Jun 2024]
26-Oct-2024 16:19:01.543 INFO [main] org.apache.coyote.AbstractProtocol.init 프로토콜 핸들러 ["http-nio-8080"]을(를) 초기화합니다.
26-Oct-2024 16:19:01.551 INFO [main] org.apache.catalina.startup.Catalina.load [211] 밀리초 내에 서버가 초기화되었습니다.
26-Oct-2024 16:19:01.575 INFO [main] org.apache.catalina.core.StandardService.startInternal 서비스 [Catalina]을(를) 시작합니다.
26-Oct-2024 16:19:01.575 INFO [main] org.apache.catalina.core.StandardEngine.startInternal 서버 엔진을 시작합니다: [Apache Tomcat/10.1.31]
26-Oct-2024 16:19:01.581 INFO [main] org.apache.catalina.startup.HostConfig.deployDescriptor 배치 descriptor [C:\Users\kimje\Desktop\Work\workspace_intelij\jsp_projects\JSP_board\conf\Catalina\localhost\ROOT.xml]을(를) 배치합니다.
26-Oct-2024 16:19:01.796 INFO [main] org.apache.catalina.startup.HostConfig.deployDescriptor 배치 descriptor [C:\Users\kimje\Desktop\Work\workspace_intelij\jsp_projects\JSP_board\conf\Catalina\localhost\ROOT.xml]의 배치가 [214] 밀리초 내에 완료되었습니다.
26-Oct-2024 16:19:01.799 INFO [main] org.apache.coyote.AbstractProtocol.start 프로토콜 핸들러 ["http-nio-8080"]을(를) 시작합니다.
26-Oct-2024 16:19:01.821 INFO [main] org.apache.catalina.startup.Catalina.start 서버가 [269] 밀리초 내에 시작되었습니다.
26-Oct-2024 16:20:32.230 INFO [Thread-1] org.apache.coyote.AbstractProtocol.pause 프로토콜 핸들러 ["http-nio-8080"]을(를) 일시 정지 중
26-Oct-2024 16:20:32.251 INFO [Thread-1] org.apache.catalina.core.StandardService.stopInternal 서비스 [Catalina]을(를) 중지시킵니다.
26-Oct-2024 16:20:32.256 INFO [Thread-1] org.apache.coyote.AbstractProtocol.stop 프로토콜 핸들러 ["http-nio-8080"]을(를) 중지시킵니다.
26-Oct-2024 16:20:32.259 INFO [Thread-1] org.apache.coyote.AbstractProtocol.destroy 프로토콜 핸들러 ["http-nio-8080"]을(를) 소멸시킵니다.
26-Oct-2024 16:20:35.521 INFO [main] org.apache.catalina.startup.VersionLoggerListener.log 서버 버전 이름:    Apache Tomcat/10.1.31
26-Oct-2024 16:20:35.522 INFO [main] org.apache.catalina.startup.VersionLoggerListener.log Server 빌드 시각:  Oct 3 2024 19:02:38 UTC
26-Oct-2024 16:20:35.522 INFO [main] org.apache.catalina.startup.VersionLoggerListener.log Server 버전 번호:  10.1.31.0
26-Oct-2024 16:20:35.523 INFO [main] org.apache.catalina.startup.VersionLoggerListener.log 운영체제 이름:     Windows 10
26-Oct-2024 16:20:35.523 INFO [main] org.apache.catalina.startup.VersionLoggerListener.log 운영체제 버전:     10.0
26-Oct-2024 16:20:35.523 INFO [main] org.apache.catalina.startup.VersionLoggerListener.log 아키텍처:          amd64
26-Oct-2024 16:20:35.523 INFO [main] org.apache.catalina.startup.VersionLoggerListener.log 자바 홈:           C:\Program Files\Java\jdk-17
26-Oct-2024 16:20:35.523 INFO [main] org.apache.catalina.startup.VersionLoggerListener.log JVM 버전:          17.0.12+8-LTS-286
26-Oct-2024 16:20:35.523 INFO [main] org.apache.catalina.startup.VersionLoggerListener.log JVM 벤더:          Oracle Corporation
26-Oct-2024 16:20:35.523 INFO [main] org.apache.catalina.startup.VersionLoggerListener.log CATALINA_BASE:     C:\Users\kimje\Desktop\Work\workspace_intelij\jsp_projects\JSP_board
26-Oct-2024 16:20:35.523 INFO [main] org.apache.catalina.startup.VersionLoggerListener.log CATALINA_HOME:     C:\Users\kimje\Desktop\Work\tools\apache-tomcat-10.1.31-windows-x64\apache-tomcat-10.1.31
26-Oct-2024 16:20:35.526 INFO [main] org.apache.catalina.startup.VersionLoggerListener.log 명령 행 아규먼트:  --add-opens=java.base/java.lang=ALL-UNNAMED
26-Oct-2024 16:20:35.526 INFO [main] org.apache.catalina.startup.VersionLoggerListener.log 명령 행 아규먼트:  --add-opens=java.base/java.io=ALL-UNNAMED
26-Oct-2024 16:20:35.527 INFO [main] org.apache.catalina.startup.VersionLoggerListener.log 명령 행 아규먼트:  --add-opens=java.base/java.util=ALL-UNNAMED
26-Oct-2024 16:20:35.527 INFO [main] org.apache.catalina.startup.VersionLoggerListener.log 명령 행 아규먼트:  --add-opens=java.base/java.util.concurrent=ALL-UNNAMED
26-Oct-2024 16:20:35.527 INFO [main] org.apache.catalina.startup.VersionLoggerListener.log 명령 행 아규먼트:  --add-opens=java.rmi/sun.rmi.transport=ALL-UNNAMED
26-Oct-2024 16:20:35.527 INFO [main] org.apache.catalina.startup.VersionLoggerListener.log 명령 행 아규먼트:  -Dcatalina.home=C:\Users\kimje\Desktop\Work\tools\apache-tomcat-10.1.31-windows-x64\apache-tomcat-10.1.31
26-Oct-2024 16:20:35.527 INFO [main] org.apache.catalina.startup.VersionLoggerListener.log 명령 행 아규먼트:  -Dcatalina.base=C:\Users\kimje\Desktop\Work\workspace_intelij\jsp_projects\JSP_board
26-Oct-2024 16:20:35.527 INFO [main] org.apache.catalina.startup.VersionLoggerListener.log 명령 행 아규먼트:  -Djava.io.tmpdir=C:\Users\kimje\Desktop\Work\workspace_intelij\jsp_projects\JSP_board\temp
26-Oct-2024 16:20:35.527 INFO [main] org.apache.catalina.startup.VersionLoggerListener.log 명령 행 아규먼트:  -Djava.util.logging.config.file=C:\Users\kimje\Desktop\Work\workspace_intelij\jsp_projects\JSP_board\conf\logging.properties
26-Oct-2024 16:20:35.527 INFO [main] org.apache.catalina.startup.VersionLoggerListener.log 명령 행 아규먼트:  -Djava.util.logging.manager=org.apache.juli.ClassLoaderLogManager
26-Oct-2024 16:20:35.527 INFO [main] org.apache.catalina.startup.VersionLoggerListener.log 명령 행 아규먼트:  -javaagent:C:\Program Files\JetBrains\IntelliJ IDEA 2024.2.3\lib\idea_rt.jar=63188:C:\Program Files\JetBrains\IntelliJ IDEA 2024.2.3\bin
26-Oct-2024 16:20:35.528 INFO [main] org.apache.catalina.startup.VersionLoggerListener.log 명령 행 아규먼트:  -Dfile.encoding=UTF-8
26-Oct-2024 16:20:35.529 INFO [main] org.apache.catalina.core.AprLifecycleListener.lifecycleEvent APR 버전 [1.7.4]을(를) 사용한, APR 기반 Apache Tomcat Native 라이브러리 [2.0.8]을(를) 로드했습니다.
26-Oct-2024 16:20:35.531 INFO [main] org.apache.catalina.core.AprLifecycleListener.initializeSSL OpenSSL이 성공적으로 초기화되었습니다: [OpenSSL 3.0.14 4 Jun 2024]
26-Oct-2024 16:20:35.637 INFO [main] org.apache.coyote.AbstractProtocol.init 프로토콜 핸들러 ["http-nio-8080"]을(를) 초기화합니다.
26-Oct-2024 16:20:35.646 INFO [main] org.apache.catalina.startup.Catalina.load [215] 밀리초 내에 서버가 초기화되었습니다.
26-Oct-2024 16:20:35.669 INFO [main] org.apache.catalina.core.StandardService.startInternal 서비스 [Catalina]을(를) 시작합니다.
26-Oct-2024 16:20:35.669 INFO [main] org.apache.catalina.core.StandardEngine.startInternal 서버 엔진을 시작합니다: [Apache Tomcat/10.1.31]
26-Oct-2024 16:20:35.674 INFO [main] org.apache.catalina.startup.HostConfig.deployDescriptor 배치 descriptor [C:\Users\kimje\Desktop\Work\workspace_intelij\jsp_projects\JSP_board\conf\Catalina\localhost\ROOT.xml]을(를) 배치합니다.
26-Oct-2024 16:20:35.887 INFO [main] org.apache.catalina.startup.HostConfig.deployDescriptor 배치 descriptor [C:\Users\kimje\Desktop\Work\workspace_intelij\jsp_projects\JSP_board\conf\Catalina\localhost\ROOT.xml]의 배치가 [212] 밀리초 내에 완료되었습니다.
26-Oct-2024 16:20:35.889 INFO [main] org.apache.coyote.AbstractProtocol.start 프로토콜 핸들러 ["http-nio-8080"]을(를) 시작합니다.
26-Oct-2024 16:20:35.913 INFO [main] org.apache.catalina.startup.Catalina.start 서버가 [267] 밀리초 내에 시작되었습니다.
26-Oct-2024 16:22:06.053 INFO [Thread-1] org.apache.coyote.AbstractProtocol.pause 프로토콜 핸들러 ["http-nio-8080"]을(를) 일시 정지 중
26-Oct-2024 16:22:06.074 INFO [Thread-1] org.apache.catalina.core.StandardService.stopInternal 서비스 [Catalina]을(를) 중지시킵니다.
26-Oct-2024 16:22:06.079 INFO [Thread-1] org.apache.coyote.AbstractProtocol.stop 프로토콜 핸들러 ["http-nio-8080"]을(를) 중지시킵니다.
26-Oct-2024 16:22:06.083 INFO [Thread-1] org.apache.coyote.AbstractProtocol.destroy 프로토콜 핸들러 ["http-nio-8080"]을(를) 소멸시킵니다.
