25-Oct-2024 23:01:51.447 INFO [main] org.apache.catalina.startup.VersionLoggerListener.log 서버 버전 이름:    Apache Tomcat/10.1.31
25-Oct-2024 23:01:51.449 INFO [main] org.apache.catalina.startup.VersionLoggerListener.log Server 빌드 시각:  Oct 3 2024 19:02:38 UTC
25-Oct-2024 23:01:51.449 INFO [main] org.apache.catalina.startup.VersionLoggerListener.log Server 버전 번호:  10.1.31.0
25-Oct-2024 23:01:51.449 INFO [main] org.apache.catalina.startup.VersionLoggerListener.log 운영체제 이름:     Windows 10
25-Oct-2024 23:01:51.449 INFO [main] org.apache.catalina.startup.VersionLoggerListener.log 운영체제 버전:     10.0
25-Oct-2024 23:01:51.449 INFO [main] org.apache.catalina.startup.VersionLoggerListener.log 아키텍처:          amd64
25-Oct-2024 23:01:51.449 INFO [main] org.apache.catalina.startup.VersionLoggerListener.log 자바 홈:           C:\Program Files\Java\jdk-17
25-Oct-2024 23:01:51.450 INFO [main] org.apache.catalina.startup.VersionLoggerListener.log JVM 버전:          17.0.12+8-LTS-286
25-Oct-2024 23:01:51.450 INFO [main] org.apache.catalina.startup.VersionLoggerListener.log JVM 벤더:          Oracle Corporation
25-Oct-2024 23:01:51.450 INFO [main] org.apache.catalina.startup.VersionLoggerListener.log CATALINA_BASE:     C:\Users\kimje\Desktop\Work\workspace_intelij\jsp_projects\JSP_board
25-Oct-2024 23:01:51.450 INFO [main] org.apache.catalina.startup.VersionLoggerListener.log CATALINA_HOME:     C:\Users\kimje\Desktop\Work\tools\apache-tomcat-10.1.31-windows-x64\apache-tomcat-10.1.31
25-Oct-2024 23:01:51.455 INFO [main] org.apache.catalina.startup.VersionLoggerListener.log 명령 행 아규먼트:  --add-opens=java.base/java.lang=ALL-UNNAMED
25-Oct-2024 23:01:51.455 INFO [main] org.apache.catalina.startup.VersionLoggerListener.log 명령 행 아규먼트:  --add-opens=java.base/java.io=ALL-UNNAMED
25-Oct-2024 23:01:51.455 INFO [main] org.apache.catalina.startup.VersionLoggerListener.log 명령 행 아규먼트:  --add-opens=java.base/java.util=ALL-UNNAMED
25-Oct-2024 23:01:51.455 INFO [main] org.apache.catalina.startup.VersionLoggerListener.log 명령 행 아규먼트:  --add-opens=java.base/java.util.concurrent=ALL-UNNAMED
25-Oct-2024 23:01:51.455 INFO [main] org.apache.catalina.startup.VersionLoggerListener.log 명령 행 아규먼트:  --add-opens=java.rmi/sun.rmi.transport=ALL-UNNAMED
25-Oct-2024 23:01:51.455 INFO [main] org.apache.catalina.startup.VersionLoggerListener.log 명령 행 아규먼트:  -Dcatalina.home=C:\Users\kimje\Desktop\Work\tools\apache-tomcat-10.1.31-windows-x64\apache-tomcat-10.1.31
25-Oct-2024 23:01:51.455 INFO [main] org.apache.catalina.startup.VersionLoggerListener.log 명령 행 아규먼트:  -Dcatalina.base=C:\Users\kimje\Desktop\Work\workspace_intelij\jsp_projects\JSP_board
25-Oct-2024 23:01:51.455 INFO [main] org.apache.catalina.startup.VersionLoggerListener.log 명령 행 아규먼트:  -Djava.io.tmpdir=C:\Users\kimje\Desktop\Work\workspace_intelij\jsp_projects\JSP_board\temp
25-Oct-2024 23:01:51.455 INFO [main] org.apache.catalina.startup.VersionLoggerListener.log 명령 행 아규먼트:  -Djava.util.logging.config.file=C:\Users\kimje\Desktop\Work\workspace_intelij\jsp_projects\JSP_board\conf\logging.properties
25-Oct-2024 23:01:51.455 INFO [main] org.apache.catalina.startup.VersionLoggerListener.log 명령 행 아규먼트:  -Djava.util.logging.manager=org.apache.juli.ClassLoaderLogManager
25-Oct-2024 23:01:51.455 INFO [main] org.apache.catalina.startup.VersionLoggerListener.log 명령 행 아규먼트:  -javaagent:C:\Program Files\JetBrains\IntelliJ IDEA 2024.2.3\lib\idea_rt.jar=55589:C:\Program Files\JetBrains\IntelliJ IDEA 2024.2.3\bin
25-Oct-2024 23:01:51.455 INFO [main] org.apache.catalina.startup.VersionLoggerListener.log 명령 행 아규먼트:  -Dfile.encoding=UTF-8
25-Oct-2024 23:01:51.457 INFO [main] org.apache.catalina.core.AprLifecycleListener.lifecycleEvent APR 버전 [1.7.4]을(를) 사용한, APR 기반 Apache Tomcat Native 라이브러리 [2.0.8]을(를) 로드했습니다.
25-Oct-2024 23:01:51.460 INFO [main] org.apache.catalina.core.AprLifecycleListener.initializeSSL OpenSSL이 성공적으로 초기화되었습니다: [OpenSSL 3.0.14 4 Jun 2024]
25-Oct-2024 23:01:51.559 INFO [main] org.apache.coyote.AbstractProtocol.init 프로토콜 핸들러 ["http-nio-8080"]을(를) 초기화합니다.
25-Oct-2024 23:01:51.568 INFO [main] org.apache.catalina.startup.Catalina.load [223] 밀리초 내에 서버가 초기화되었습니다.
25-Oct-2024 23:01:51.600 INFO [main] org.apache.catalina.core.StandardService.startInternal 서비스 [Catalina]을(를) 시작합니다.
25-Oct-2024 23:01:51.601 INFO [main] org.apache.catalina.core.StandardEngine.startInternal 서버 엔진을 시작합니다: [Apache Tomcat/10.1.31]
25-Oct-2024 23:01:51.607 INFO [main] org.apache.catalina.startup.HostConfig.deployDescriptor 배치 descriptor [C:\Users\kimje\Desktop\Work\workspace_intelij\jsp_projects\JSP_board\conf\Catalina\localhost\ROOT.xml]을(를) 배치합니다.
25-Oct-2024 23:01:52.130 WARNING [main] org.apache.catalina.webresources.Cache.getResource [/WEB-INF/classes/webapps/examples/websocket/drawboard.xhtml]에 위치한 리소스를 웹 애플리케이션 []을(를) 위한 캐시에 추가할 수 없습니다. 왜냐하면 만료된 캐시 엔트리들을 없애버린 이후에도 여유 공간이 충분하지 않기 때문입니다. 캐시의 최대 크기를 증가시키는 것을 고려해 보십시오.
25-Oct-2024 23:01:52.133 WARNING [main] org.apache.catalina.webresources.Cache.getResource [/WEB-INF/classes/webapps/host-manager/images]에 위치한 리소스를 웹 애플리케이션 []을(를) 위한 캐시에 추가할 수 없습니다. 왜냐하면 만료된 캐시 엔트리들을 없애버린 이후에도 여유 공간이 충분하지 않기 때문입니다. 캐시의 최대 크기를 증가시키는 것을 고려해 보십시오.
25-Oct-2024 23:01:52.134 WARNING [main] org.apache.catalina.webresources.Cache.getResource [/WEB-INF/classes/webapps/host-manager/index.jsp]에 위치한 리소스를 웹 애플리케이션 []을(를) 위한 캐시에 추가할 수 없습니다. 왜냐하면 만료된 캐시 엔트리들을 없애버린 이후에도 여유 공간이 충분하지 않기 때문입니다. 캐시의 최대 크기를 증가시키는 것을 고려해 보십시오.
25-Oct-2024 23:01:52.134 WARNING [main] org.apache.catalina.webresources.Cache.getResource [/WEB-INF/classes/webapps/host-manager/META-INF]에 위치한 리소스를 웹 애플리케이션 []을(를) 위한 캐시에 추가할 수 없습니다. 왜냐하면 만료된 캐시 엔트리들을 없애버린 이후에도 여유 공간이 충분하지 않기 때문입니다. 캐시의 최대 크기를 증가시키는 것을 고려해 보십시오.
25-Oct-2024 23:01:52.135 WARNING [main] org.apache.catalina.webresources.Cache.getResource [/WEB-INF/classes/webapps/host-manager/WEB-INF]에 위치한 리소스를 웹 애플리케이션 []을(를) 위한 캐시에 추가할 수 없습니다. 왜냐하면 만료된 캐시 엔트리들을 없애버린 이후에도 여유 공간이 충분하지 않기 때문입니다. 캐시의 최대 크기를 증가시키는 것을 고려해 보십시오.
25-Oct-2024 23:01:52.136 WARNING [main] org.apache.catalina.webresources.Cache.getResource [/WEB-INF/classes/webapps/host-manager/css/manager.css]에 위치한 리소스를 웹 애플리케이션 []을(를) 위한 캐시에 추가할 수 없습니다. 왜냐하면 만료된 캐시 엔트리들을 없애버린 이후에도 여유 공간이 충분하지 않기 때문입니다. 캐시의 최대 크기를 증가시키는 것을 고려해 보십시오.
25-Oct-2024 23:01:52.137 WARNING [main] org.apache.catalina.webresources.Cache.getResource [/WEB-INF/classes/webapps/host-manager/images/asf-logo.svg]에 위치한 리소스를 웹 애플리케이션 []을(를) 위한 캐시에 추가할 수 없습니다. 왜냐하면 만료된 캐시 엔트리들을 없애버린 이후에도 여유 공간이 충분하지 않기 때문입니다. 캐시의 최대 크기를 증가시키는 것을 고려해 보십시오.
25-Oct-2024 23:01:52.137 WARNING [main] org.apache.catalina.webresources.Cache.getResource [/WEB-INF/classes/webapps/host-manager/images/tomcat.svg]에 위치한 리소스를 웹 애플리케이션 []을(를) 위한 캐시에 추가할 수 없습니다. 왜냐하면 만료된 캐시 엔트리들을 없애버린 이후에도 여유 공간이 충분하지 않기 때문입니다. 캐시의 최대 크기를 증가시키는 것을 고려해 보십시오.
25-Oct-2024 23:01:52.138 WARNING [main] org.apache.catalina.webresources.Cache.getResource [/WEB-INF/classes/webapps/host-manager/META-INF/context.xml]에 위치한 리소스를 웹 애플리케이션 []을(를) 위한 캐시에 추가할 수 없습니다. 왜냐하면 만료된 캐시 엔트리들을 없애버린 이후에도 여유 공간이 충분하지 않기 때문입니다. 캐시의 최대 크기를 증가시키는 것을 고려해 보십시오.
25-Oct-2024 23:01:52.139 WARNING [main] org.apache.catalina.webresources.Cache.getResource [/WEB-INF/classes/webapps/host-manager/WEB-INF/jsp]에 위치한 리소스를 웹 애플리케이션 []을(를) 위한 캐시에 추가할 수 없습니다. 왜냐하면 만료된 캐시 엔트리들을 없애버린 이후에도 여유 공간이 충분하지 않기 때문입니다. 캐시의 최대 크기를 증가시키는 것을 고려해 보십시오.
25-Oct-2024 23:01:52.140 WARNING [main] org.apache.catalina.webresources.Cache.getResource [/WEB-INF/classes/webapps/host-manager/WEB-INF/manager.xml]에 위치한 리소스를 웹 애플리케이션 []을(를) 위한 캐시에 추가할 수 없습니다. 왜냐하면 만료된 캐시 엔트리들을 없애버린 이후에도 여유 공간이 충분하지 않기 때문입니다. 캐시의 최대 크기를 증가시키는 것을 고려해 보십시오.
25-Oct-2024 23:01:52.141 WARNING [main] org.apache.catalina.webresources.Cache.getResource [/WEB-INF/classes/webapps/host-manager/WEB-INF/web.xml]에 위치한 리소스를 웹 애플리케이션 []을(를) 위한 캐시에 추가할 수 없습니다. 왜냐하면 만료된 캐시 엔트리들을 없애버린 이후에도 여유 공간이 충분하지 않기 때문입니다. 캐시의 최대 크기를 증가시키는 것을 고려해 보십시오.
25-Oct-2024 23:01:52.141 WARNING [main] org.apache.catalina.webresources.Cache.getResource [/WEB-INF/classes/webapps/host-manager/WEB-INF/jsp/401.jsp]에 위치한 리소스를 웹 애플리케이션 []을(를) 위한 캐시에 추가할 수 없습니다. 왜냐하면 만료된 캐시 엔트리들을 없애버린 이후에도 여유 공간이 충분하지 않기 때문입니다. 캐시의 최대 크기를 증가시키는 것을 고려해 보십시오.
25-Oct-2024 23:01:52.142 WARNING [main] org.apache.catalina.webresources.Cache.getResource [/WEB-INF/classes/webapps/host-manager/WEB-INF/jsp/403.jsp]에 위치한 리소스를 웹 애플리케이션 []을(를) 위한 캐시에 추가할 수 없습니다. 왜냐하면 만료된 캐시 엔트리들을 없애버린 이후에도 여유 공간이 충분하지 않기 때문입니다. 캐시의 최대 크기를 증가시키는 것을 고려해 보십시오.
25-Oct-2024 23:01:52.143 WARNING [main] org.apache.catalina.webresources.Cache.getResource [/WEB-INF/classes/webapps/host-manager/WEB-INF/jsp/404.jsp]에 위치한 리소스를 웹 애플리케이션 []을(를) 위한 캐시에 추가할 수 없습니다. 왜냐하면 만료된 캐시 엔트리들을 없애버린 이후에도 여유 공간이 충분하지 않기 때문입니다. 캐시의 최대 크기를 증가시키는 것을 고려해 보십시오.
25-Oct-2024 23:01:52.144 WARNING [main] org.apache.catalina.webresources.Cache.getResource [/WEB-INF/classes/webapps/manager/css]에 위치한 리소스를 웹 애플리케이션 []을(를) 위한 캐시에 추가할 수 없습니다. 왜냐하면 만료된 캐시 엔트리들을 없애버린 이후에도 여유 공간이 충분하지 않기 때문입니다. 캐시의 최대 크기를 증가시키는 것을 고려해 보십시오.
25-Oct-2024 23:01:52.144 WARNING [main] org.apache.catalina.webresources.Cache.getResource [/WEB-INF/classes/webapps/manager/images]에 위치한 리소스를 웹 애플리케이션 []을(를) 위한 캐시에 추가할 수 없습니다. 왜냐하면 만료된 캐시 엔트리들을 없애버린 이후에도 여유 공간이 충분하지 않기 때문입니다. 캐시의 최대 크기를 증가시키는 것을 고려해 보십시오.
25-Oct-2024 23:01:52.145 WARNING [main] org.apache.catalina.webresources.Cache.getResource [/WEB-INF/classes/webapps/manager/index.jsp]에 위치한 리소스를 웹 애플리케이션 []을(를) 위한 캐시에 추가할 수 없습니다. 왜냐하면 만료된 캐시 엔트리들을 없애버린 이후에도 여유 공간이 충분하지 않기 때문입니다. 캐시의 최대 크기를 증가시키는 것을 고려해 보십시오.
25-Oct-2024 23:01:52.145 WARNING [main] org.apache.catalina.webresources.Cache.getResource [/WEB-INF/classes/webapps/manager/META-INF]에 위치한 리소스를 웹 애플리케이션 []을(를) 위한 캐시에 추가할 수 없습니다. 왜냐하면 만료된 캐시 엔트리들을 없애버린 이후에도 여유 공간이 충분하지 않기 때문입니다. 캐시의 최대 크기를 증가시키는 것을 고려해 보십시오.
25-Oct-2024 23:01:52.146 WARNING [main] org.apache.catalina.webresources.Cache.getResource [/WEB-INF/classes/webapps/manager/status.xsd]에 위치한 리소스를 웹 애플리케이션 []을(를) 위한 캐시에 추가할 수 없습니다. 왜냐하면 만료된 캐시 엔트리들을 없애버린 이후에도 여유 공간이 충분하지 않기 때문입니다. 캐시의 최대 크기를 증가시키는 것을 고려해 보십시오.
25-Oct-2024 23:01:52.146 WARNING [main] org.apache.catalina.webresources.Cache.getResource [/WEB-INF/classes/webapps/manager/WEB-INF]에 위치한 리소스를 웹 애플리케이션 []을(를) 위한 캐시에 추가할 수 없습니다. 왜냐하면 만료된 캐시 엔트리들을 없애버린 이후에도 여유 공간이 충분하지 않기 때문입니다. 캐시의 최대 크기를 증가시키는 것을 고려해 보십시오.
25-Oct-2024 23:01:52.147 WARNING [main] org.apache.catalina.webresources.Cache.getResource [/WEB-INF/classes/webapps/manager/xform.xsl]에 위치한 리소스를 웹 애플리케이션 []을(를) 위한 캐시에 추가할 수 없습니다. 왜냐하면 만료된 캐시 엔트리들을 없애버린 이후에도 여유 공간이 충분하지 않기 때문입니다. 캐시의 최대 크기를 증가시키는 것을 고려해 보십시오.
25-Oct-2024 23:01:52.148 WARNING [main] org.apache.catalina.webresources.Cache.getResource [/WEB-INF/classes/webapps/manager/css/manager.css]에 위치한 리소스를 웹 애플리케이션 []을(를) 위한 캐시에 추가할 수 없습니다. 왜냐하면 만료된 캐시 엔트리들을 없애버린 이후에도 여유 공간이 충분하지 않기 때문입니다. 캐시의 최대 크기를 증가시키는 것을 고려해 보십시오.
25-Oct-2024 23:01:52.149 WARNING [main] org.apache.catalina.webresources.Cache.getResource [/WEB-INF/classes/webapps/manager/images/asf-logo.svg]에 위치한 리소스를 웹 애플리케이션 []을(를) 위한 캐시에 추가할 수 없습니다. 왜냐하면 만료된 캐시 엔트리들을 없애버린 이후에도 여유 공간이 충분하지 않기 때문입니다. 캐시의 최대 크기를 증가시키는 것을 고려해 보십시오.
25-Oct-2024 23:01:52.149 WARNING [main] org.apache.catalina.webresources.Cache.getResource [/WEB-INF/classes/webapps/manager/images/tomcat.svg]에 위치한 리소스를 웹 애플리케이션 []을(를) 위한 캐시에 추가할 수 없습니다. 왜냐하면 만료된 캐시 엔트리들을 없애버린 이후에도 여유 공간이 충분하지 않기 때문입니다. 캐시의 최대 크기를 증가시키는 것을 고려해 보십시오.
25-Oct-2024 23:01:52.150 WARNING [main] org.apache.catalina.webresources.Cache.getResource [/WEB-INF/classes/webapps/manager/META-INF/context.xml]에 위치한 리소스를 웹 애플리케이션 []을(를) 위한 캐시에 추가할 수 없습니다. 왜냐하면 만료된 캐시 엔트리들을 없애버린 이후에도 여유 공간이 충분하지 않기 때문입니다. 캐시의 최대 크기를 증가시키는 것을 고려해 보십시오.
25-Oct-2024 23:01:52.151 WARNING [main] org.apache.catalina.webresources.Cache.getResource [/WEB-INF/classes/webapps/manager/WEB-INF/jsp]에 위치한 리소스를 웹 애플리케이션 []을(를) 위한 캐시에 추가할 수 없습니다. 왜냐하면 만료된 캐시 엔트리들을 없애버린 이후에도 여유 공간이 충분하지 않기 때문입니다. 캐시의 최대 크기를 증가시키는 것을 고려해 보십시오.
25-Oct-2024 23:01:52.152 WARNING [main] org.apache.catalina.webresources.Cache.getResource [/WEB-INF/classes/webapps/manager/WEB-INF/web.xml]에 위치한 리소스를 웹 애플리케이션 []을(를) 위한 캐시에 추가할 수 없습니다. 왜냐하면 만료된 캐시 엔트리들을 없애버린 이후에도 여유 공간이 충분하지 않기 때문입니다. 캐시의 최대 크기를 증가시키는 것을 고려해 보십시오.
25-Oct-2024 23:01:52.153 WARNING [main] org.apache.catalina.webresources.Cache.getResource [/WEB-INF/classes/webapps/manager/WEB-INF/jsp/401.jsp]에 위치한 리소스를 웹 애플리케이션 []을(를) 위한 캐시에 추가할 수 없습니다. 왜냐하면 만료된 캐시 엔트리들을 없애버린 이후에도 여유 공간이 충분하지 않기 때문입니다. 캐시의 최대 크기를 증가시키는 것을 고려해 보십시오.
25-Oct-2024 23:01:52.153 WARNING [main] org.apache.catalina.webresources.Cache.getResource [/WEB-INF/classes/webapps/manager/WEB-INF/jsp/403.jsp]에 위치한 리소스를 웹 애플리케이션 []을(를) 위한 캐시에 추가할 수 없습니다. 왜냐하면 만료된 캐시 엔트리들을 없애버린 이후에도 여유 공간이 충분하지 않기 때문입니다. 캐시의 최대 크기를 증가시키는 것을 고려해 보십시오.
25-Oct-2024 23:01:52.154 WARNING [main] org.apache.catalina.webresources.Cache.getResource [/WEB-INF/classes/webapps/manager/WEB-INF/jsp/404.jsp]에 위치한 리소스를 웹 애플리케이션 []을(를) 위한 캐시에 추가할 수 없습니다. 왜냐하면 만료된 캐시 엔트리들을 없애버린 이후에도 여유 공간이 충분하지 않기 때문입니다. 캐시의 최대 크기를 증가시키는 것을 고려해 보십시오.
25-Oct-2024 23:01:52.154 WARNING [main] org.apache.catalina.webresources.Cache.getResource [/WEB-INF/classes/webapps/manager/WEB-INF/jsp/connectorCerts.jsp]에 위치한 리소스를 웹 애플리케이션 []을(를) 위한 캐시에 추가할 수 없습니다. 왜냐하면 만료된 캐시 엔트리들을 없애버린 이후에도 여유 공간이 충분하지 않기 때문입니다. 캐시의 최대 크기를 증가시키는 것을 고려해 보십시오.
25-Oct-2024 23:01:52.155 WARNING [main] org.apache.catalina.webresources.Cache.getResource [/WEB-INF/classes/webapps/manager/WEB-INF/jsp/connectorCiphers.jsp]에 위치한 리소스를 웹 애플리케이션 []을(를) 위한 캐시에 추가할 수 없습니다. 왜냐하면 만료된 캐시 엔트리들을 없애버린 이후에도 여유 공간이 충분하지 않기 때문입니다. 캐시의 최대 크기를 증가시키는 것을 고려해 보십시오.
25-Oct-2024 23:01:52.156 WARNING [main] org.apache.catalina.webresources.Cache.getResource [/WEB-INF/classes/webapps/manager/WEB-INF/jsp/connectorTrustedCerts.jsp]에 위치한 리소스를 웹 애플리케이션 []을(를) 위한 캐시에 추가할 수 없습니다. 왜냐하면 만료된 캐시 엔트리들을 없애버린 이후에도 여유 공간이 충분하지 않기 때문입니다. 캐시의 최대 크기를 증가시키는 것을 고려해 보십시오.
25-Oct-2024 23:01:52.156 WARNING [main] org.apache.catalina.webresources.Cache.getResource [/WEB-INF/classes/webapps/manager/WEB-INF/jsp/sessionDetail.jsp]에 위치한 리소스를 웹 애플리케이션 []을(를) 위한 캐시에 추가할 수 없습니다. 왜냐하면 만료된 캐시 엔트리들을 없애버린 이후에도 여유 공간이 충분하지 않기 때문입니다. 캐시의 최대 크기를 증가시키는 것을 고려해 보십시오.
25-Oct-2024 23:01:52.157 WARNING [main] org.apache.catalina.webresources.Cache.getResource [/WEB-INF/classes/webapps/manager/WEB-INF/jsp/sessionsList.jsp]에 위치한 리소스를 웹 애플리케이션 []을(를) 위한 캐시에 추가할 수 없습니다. 왜냐하면 만료된 캐시 엔트리들을 없애버린 이후에도 여유 공간이 충분하지 않기 때문입니다. 캐시의 최대 크기를 증가시키는 것을 고려해 보십시오.
25-Oct-2024 23:01:52.158 WARNING [main] org.apache.catalina.webresources.Cache.getResource [/WEB-INF/classes/webapps/ROOT/asf-logo-wide.svg]에 위치한 리소스를 웹 애플리케이션 []을(를) 위한 캐시에 추가할 수 없습니다. 왜냐하면 만료된 캐시 엔트리들을 없애버린 이후에도 여유 공간이 충분하지 않기 때문입니다. 캐시의 최대 크기를 증가시키는 것을 고려해 보십시오.
25-Oct-2024 23:01:52.158 WARNING [main] org.apache.catalina.webresources.Cache.getResource [/WEB-INF/classes/webapps/ROOT/bg-button.png]에 위치한 리소스를 웹 애플리케이션 []을(를) 위한 캐시에 추가할 수 없습니다. 왜냐하면 만료된 캐시 엔트리들을 없애버린 이후에도 여유 공간이 충분하지 않기 때문입니다. 캐시의 최대 크기를 증가시키는 것을 고려해 보십시오.
25-Oct-2024 23:01:52.159 WARNING [main] org.apache.catalina.webresources.Cache.getResource [/WEB-INF/classes/webapps/ROOT/bg-middle.png]에 위치한 리소스를 웹 애플리케이션 []을(를) 위한 캐시에 추가할 수 없습니다. 왜냐하면 만료된 캐시 엔트리들을 없애버린 이후에도 여유 공간이 충분하지 않기 때문입니다. 캐시의 최대 크기를 증가시키는 것을 고려해 보십시오.
25-Oct-2024 23:01:52.160 WARNING [main] org.apache.catalina.webresources.Cache.getResource [/WEB-INF/classes/webapps/ROOT/bg-nav.png]에 위치한 리소스를 웹 애플리케이션 []을(를) 위한 캐시에 추가할 수 없습니다. 왜냐하면 만료된 캐시 엔트리들을 없애버린 이후에도 여유 공간이 충분하지 않기 때문입니다. 캐시의 최대 크기를 증가시키는 것을 고려해 보십시오.
25-Oct-2024 23:01:52.160 WARNING [main] org.apache.catalina.webresources.Cache.getResource [/WEB-INF/classes/webapps/ROOT/bg-upper.png]에 위치한 리소스를 웹 애플리케이션 []을(를) 위한 캐시에 추가할 수 없습니다. 왜냐하면 만료된 캐시 엔트리들을 없애버린 이후에도 여유 공간이 충분하지 않기 때문입니다. 캐시의 최대 크기를 증가시키는 것을 고려해 보십시오.
25-Oct-2024 23:01:52.161 WARNING [main] org.apache.catalina.webresources.Cache.getResource [/WEB-INF/classes/webapps/ROOT/favicon.ico]에 위치한 리소스를 웹 애플리케이션 []을(를) 위한 캐시에 추가할 수 없습니다. 왜냐하면 만료된 캐시 엔트리들을 없애버린 이후에도 여유 공간이 충분하지 않기 때문입니다. 캐시의 최대 크기를 증가시키는 것을 고려해 보십시오.
25-Oct-2024 23:01:52.161 WARNING [main] org.apache.catalina.webresources.Cache.getResource [/WEB-INF/classes/webapps/ROOT/index.jsp]에 위치한 리소스를 웹 애플리케이션 []을(를) 위한 캐시에 추가할 수 없습니다. 왜냐하면 만료된 캐시 엔트리들을 없애버린 이후에도 여유 공간이 충분하지 않기 때문입니다. 캐시의 최대 크기를 증가시키는 것을 고려해 보십시오.
25-Oct-2024 23:01:52.162 WARNING [main] org.apache.catalina.webresources.Cache.getResource [/WEB-INF/classes/webapps/ROOT/RELEASE-NOTES.txt]에 위치한 리소스를 웹 애플리케이션 []을(를) 위한 캐시에 추가할 수 없습니다. 왜냐하면 만료된 캐시 엔트리들을 없애버린 이후에도 여유 공간이 충분하지 않기 때문입니다. 캐시의 최대 크기를 증가시키는 것을 고려해 보십시오.
25-Oct-2024 23:01:52.162 WARNING [main] org.apache.catalina.webresources.Cache.getResource [/WEB-INF/classes/webapps/ROOT/tomcat.css]에 위치한 리소스를 웹 애플리케이션 []을(를) 위한 캐시에 추가할 수 없습니다. 왜냐하면 만료된 캐시 엔트리들을 없애버린 이후에도 여유 공간이 충분하지 않기 때문입니다. 캐시의 최대 크기를 증가시키는 것을 고려해 보십시오.
25-Oct-2024 23:01:52.163 WARNING [main] org.apache.catalina.webresources.Cache.getResource [/WEB-INF/classes/webapps/ROOT/tomcat.svg]에 위치한 리소스를 웹 애플리케이션 []을(를) 위한 캐시에 추가할 수 없습니다. 왜냐하면 만료된 캐시 엔트리들을 없애버린 이후에도 여유 공간이 충분하지 않기 때문입니다. 캐시의 최대 크기를 증가시키는 것을 고려해 보십시오.
25-Oct-2024 23:01:52.163 WARNING [main] org.apache.catalina.webresources.Cache.getResource [/WEB-INF/classes/webapps/ROOT/WEB-INF]에 위치한 리소스를 웹 애플리케이션 []을(를) 위한 캐시에 추가할 수 없습니다. 왜냐하면 만료된 캐시 엔트리들을 없애버린 이후에도 여유 공간이 충분하지 않기 때문입니다. 캐시의 최대 크기를 증가시키는 것을 고려해 보십시오.
25-Oct-2024 23:01:52.164 WARNING [main] org.apache.catalina.webresources.Cache.getResource [/WEB-INF/classes/webapps/ROOT/WEB-INF/web.xml]에 위치한 리소스를 웹 애플리케이션 []을(를) 위한 캐시에 추가할 수 없습니다. 왜냐하면 만료된 캐시 엔트리들을 없애버린 이후에도 여유 공간이 충분하지 않기 때문입니다. 캐시의 최대 크기를 증가시키는 것을 고려해 보십시오.
25-Oct-2024 23:01:52.258 WARNING [main] org.apache.catalina.webresources.Cache.getResource [/]에 위치한 리소스를 웹 애플리케이션 []을(를) 위한 캐시에 추가할 수 없습니다. 왜냐하면 만료된 캐시 엔트리들을 없애버린 이후에도 여유 공간이 충분하지 않기 때문입니다. 캐시의 최대 크기를 증가시키는 것을 고려해 보십시오.
25-Oct-2024 23:01:52.261 INFO [main] org.apache.catalina.startup.HostConfig.deployDescriptor 배치 descriptor [C:\Users\kimje\Desktop\Work\workspace_intelij\jsp_projects\JSP_board\conf\Catalina\localhost\ROOT.xml]의 배치가 [653] 밀리초 내에 완료되었습니다.
25-Oct-2024 23:01:52.263 INFO [main] org.apache.coyote.AbstractProtocol.start 프로토콜 핸들러 ["http-nio-8080"]을(를) 시작합니다.
25-Oct-2024 23:01:52.282 INFO [main] org.apache.catalina.startup.Catalina.start 서버가 [713] 밀리초 내에 시작되었습니다.
25-Oct-2024 23:15:39.295 INFO [Thread-1] org.apache.coyote.AbstractProtocol.pause 프로토콜 핸들러 ["http-nio-8080"]을(를) 일시 정지 중
25-Oct-2024 23:15:39.316 INFO [Thread-1] org.apache.catalina.core.StandardService.stopInternal 서비스 [Catalina]을(를) 중지시킵니다.
25-Oct-2024 23:15:39.321 INFO [Thread-1] org.apache.coyote.AbstractProtocol.stop 프로토콜 핸들러 ["http-nio-8080"]을(를) 중지시킵니다.
25-Oct-2024 23:15:39.325 INFO [Thread-1] org.apache.coyote.AbstractProtocol.destroy 프로토콜 핸들러 ["http-nio-8080"]을(를) 소멸시킵니다.
